#! /c/Source/iverilog-install/bin/vvp
:ivl_version "12.0 (devel)" "(s20150603-1539-g2693dd32b)";
:ivl_delay_selection "TYPICAL";
:vpi_time_precision + 0;
:vpi_module "C:\iverilog\lib\ivl\system.vpi";
:vpi_module "C:\iverilog\lib\ivl\vhdl_sys.vpi";
:vpi_module "C:\iverilog\lib\ivl\vhdl_textio.vpi";
:vpi_module "C:\iverilog\lib\ivl\v2005_math.vpi";
:vpi_module "C:\iverilog\lib\ivl\va_math.vpi";
S_000002884de04e60 .scope module, "alu_tb" "alu_tb" 2 3;
 .timescale 0 0;
v000002884de9dd20_0 .var "A", 7 0;
v000002884de9df00_0 .var "B", 7 0;
v000002884de9d320_0 .net "carry_out", 0 0, v000002884de9da00_0;  1 drivers
v000002884de9cce0_0 .net "negative", 0 0, v000002884de9d140_0;  1 drivers
v000002884de9ddc0_0 .var "opcode", 3 0;
v000002884de9de60_0 .net "overflow", 0 0, v000002884de9c6a0_0;  1 drivers
v000002884de9d280_0 .net "ref_carry", 0 0, v000002884de12c20_0;  1 drivers
v000002884de9ca60_0 .net "ref_negative", 0 0, v000002884de12cc0_0;  1 drivers
v000002884de9e040_0 .net "ref_overflow", 0 0, v000002884de28ee0_0;  1 drivers
v000002884de9d8c0_0 .net "ref_result", 7 0, v000002884de28f80_0;  1 drivers
v000002884de9d3c0_0 .net "ref_zero", 0 0, v000002884de290c0_0;  1 drivers
v000002884de9daa0_0 .net "result", 7 0, v000002884de9d460_0;  1 drivers
v000002884de9dbe0_0 .net "zero", 0 0, v000002884de9db40_0;  1 drivers
S_000002884de129f0 .scope module, "ref" "alu_ref_model" 2 13, 3 3 0, S_000002884de04e60;
 .timescale 0 0;
    .port_info 0 /INPUT 8 "A";
    .port_info 1 /INPUT 8 "B";
    .port_info 2 /INPUT 4 "opcode";
    .port_info 3 /OUTPUT 8 "result";
    .port_info 4 /OUTPUT 1 "carry_out";
    .port_info 5 /OUTPUT 1 "overflow";
    .port_info 6 /OUTPUT 1 "zero";
    .port_info 7 /OUTPUT 1 "negative";
v000002884ddd3510_0 .net "A", 7 0, v000002884de9dd20_0;  1 drivers
v000002884de12b80_0 .net "B", 7 0, v000002884de9df00_0;  1 drivers
v000002884de12c20_0 .var "carry_out", 0 0;
v000002884de12cc0_0 .var "negative", 0 0;
v000002884de12d60_0 .net "opcode", 3 0, v000002884de9ddc0_0;  1 drivers
v000002884de28ee0_0 .var "overflow", 0 0;
v000002884de28f80_0 .var "result", 7 0;
v000002884de29020_0 .var "temp", 8 0;
v000002884de290c0_0 .var "zero", 0 0;
E_000002884de3e560/0 .event anyedge, v000002884de12d60_0, v000002884ddd3510_0, v000002884de12b80_0, v000002884de29020_0;
E_000002884de3e560/1 .event anyedge, v000002884de28f80_0;
E_000002884de3e560 .event/or E_000002884de3e560/0, E_000002884de3e560/1;
S_000002884de29160 .scope task, "test" "test" 2 42, 2 42 0, S_000002884de04e60;
 .timescale 0 0;
v000002884de0f020_0 .var "a_in", 7 0;
v000002884de0f0c0_0 .var "b_in", 7 0;
v000002884de0f160_0 .var "op_in", 3 0;
TD_alu_tb.test ;
    %load/vec4 v000002884de0f020_0;
    %store/vec4 v000002884de9dd20_0, 0, 8;
    %load/vec4 v000002884de0f0c0_0;
    %store/vec4 v000002884de9df00_0, 0, 8;
    %load/vec4 v000002884de0f160_0;
    %store/vec4 v000002884de9ddc0_0, 0, 4;
    %delay 10, 0;
    %load/vec4 v000002884de9daa0_0;
    %load/vec4 v000002884de9d8c0_0;
    %cmp/ne;
    %jmp/1 T_0.5, 6;
    %flag_mov 8, 6;
    %load/vec4 v000002884de9d320_0;
    %load/vec4 v000002884de9d280_0;
    %cmp/ne;
    %flag_or 6, 8;
T_0.5;
    %jmp/1 T_0.4, 6;
    %flag_mov 8, 6;
    %load/vec4 v000002884de9de60_0;
    %load/vec4 v000002884de9e040_0;
    %cmp/ne;
    %flag_or 6, 8;
T_0.4;
    %jmp/1 T_0.3, 6;
    %flag_mov 8, 6;
    %load/vec4 v000002884de9dbe0_0;
    %load/vec4 v000002884de9d3c0_0;
    %cmp/ne;
    %flag_or 6, 8;
T_0.3;
    %jmp/1 T_0.2, 6;
    %flag_mov 8, 6;
    %load/vec4 v000002884de9cce0_0;
    %load/vec4 v000002884de9ca60_0;
    %cmp/ne;
    %flag_or 6, 8;
T_0.2;
    %jmp/0xz  T_0.0, 6;
    %vpi_call 2 57 "$display", "FAIL: A=%d B=%d OP=%b | DUT=%d REF=%d | C=%b/%b V=%b/%b", v000002884de9dd20_0, v000002884de9df00_0, v000002884de9ddc0_0, v000002884de9daa0_0, v000002884de9d8c0_0, v000002884de9d320_0, v000002884de9d280_0, v000002884de9de60_0, v000002884de9e040_0 {0 0 0};
    %jmp T_0.1;
T_0.0 ;
    %vpi_call 2 65 "$display", "Success: A=%d B=%d OP=%b | RESULT=%d", v000002884de9dd20_0, v000002884de9df00_0, v000002884de9ddc0_0, v000002884de9daa0_0 {0 0 0};
T_0.1 ;
    %end;
S_000002884de0f200 .scope module, "uut" "alu_top" 2 24, 4 3 0, S_000002884de04e60;
 .timescale 0 0;
    .port_info 0 /INPUT 8 "A";
    .port_info 1 /INPUT 8 "B";
    .port_info 2 /INPUT 4 "opcode";
    .port_info 3 /OUTPUT 8 "result";
    .port_info 4 /OUTPUT 1 "carry_out";
    .port_info 5 /OUTPUT 1 "overflow";
    .port_info 6 /OUTPUT 1 "zero";
    .port_info 7 /OUTPUT 1 "negative";
v000002884de9c130_0 .net "A", 7 0, v000002884de9dd20_0;  alias, 1 drivers
v000002884de9c3b0_0 .net "B", 7 0, v000002884de9df00_0;  alias, 1 drivers
v000002884de9c1d0_0 .net "arith_carry", 0 0, v000002884de9bd70_0;  1 drivers
v000002884de9c270_0 .net "arith_negative", 0 0, v000002884de9beb0_0;  1 drivers
v000002884de9c310_0 .net "arith_overflow", 0 0, v000002884de9bf50_0;  1 drivers
v000002884de9c600_0 .net "arith_result", 7 0, v000002884de9b730_0;  1 drivers
v000002884de9d960_0 .net "arith_zero", 0 0, v000002884de9b870_0;  1 drivers
v000002884de9da00_0 .var "carry_out", 0 0;
v000002884de9c7e0_0 .net "logic_negative", 0 0, v000002884de9b910_0;  1 drivers
v000002884de9d820_0 .net "logic_result", 7 0, v000002884de9bb90_0;  1 drivers
v000002884de9cc40_0 .net "logic_zero", 0 0, v000002884de9b9b0_0;  1 drivers
v000002884de9d140_0 .var "negative", 0 0;
v000002884de9d1e0_0 .net "opcode", 3 0, v000002884de9ddc0_0;  alias, 1 drivers
v000002884de9c6a0_0 .var "overflow", 0 0;
v000002884de9d460_0 .var "result", 7 0;
v000002884de9cd80_0 .net "shift_negative", 0 0, v000002884de9c090_0;  1 drivers
v000002884de9d000_0 .net "shift_result", 7 0, v000002884de9b7d0_0;  1 drivers
v000002884de9d500_0 .net "shift_zero", 0 0, v000002884de9bc30_0;  1 drivers
v000002884de9db40_0 .var "zero", 0 0;
E_000002884de3f3a0/0 .event anyedge, v000002884de12d60_0, v000002884de9b730_0, v000002884de9bd70_0, v000002884de9bf50_0;
E_000002884de3f3a0/1 .event anyedge, v000002884de9b870_0, v000002884de9beb0_0, v000002884de9bb90_0, v000002884de9b9b0_0;
E_000002884de3f3a0/2 .event anyedge, v000002884de9b910_0, v000002884de9b7d0_0, v000002884de9bc30_0, v000002884de9c090_0;
E_000002884de3f3a0 .event/or E_000002884de3f3a0/0, E_000002884de3f3a0/1, E_000002884de3f3a0/2;
S_000002884de1dcc0 .scope module, "u_arith" "alu_arith" 4 32, 5 3 0, S_000002884de0f200;
 .timescale 0 0;
    .port_info 0 /INPUT 8 "A";
    .port_info 1 /INPUT 8 "B";
    .port_info 2 /INPUT 4 "opcode";
    .port_info 3 /OUTPUT 8 "result";
    .port_info 4 /OUTPUT 1 "carry_out";
    .port_info 5 /OUTPUT 1 "overflow";
    .port_info 6 /OUTPUT 1 "zero";
    .port_info 7 /OUTPUT 1 "negative";
v000002884de9be10_0 .net "A", 7 0, v000002884de9dd20_0;  alias, 1 drivers
v000002884de9c450_0 .net "B", 7 0, v000002884de9df00_0;  alias, 1 drivers
v000002884de9bd70_0 .var "carry_out", 0 0;
v000002884de9beb0_0 .var "negative", 0 0;
v000002884de9b550_0 .net "opcode", 3 0, v000002884de9ddc0_0;  alias, 1 drivers
v000002884de9bf50_0 .var "overflow", 0 0;
v000002884de9b730_0 .var "result", 7 0;
v000002884de9bcd0_0 .var "temp", 8 0;
v000002884de9b870_0 .var "zero", 0 0;
E_000002884de3f060/0 .event anyedge, v000002884de12d60_0, v000002884ddd3510_0, v000002884de12b80_0, v000002884de9bcd0_0;
E_000002884de3f060/1 .event anyedge, v000002884de9b730_0;
E_000002884de3f060 .event/or E_000002884de3f060/0, E_000002884de3f060/1;
S_000002884de1de50 .scope module, "u_logic" "alu_logic" 4 43, 6 3 0, S_000002884de0f200;
 .timescale 0 0;
    .port_info 0 /INPUT 8 "A";
    .port_info 1 /INPUT 8 "B";
    .port_info 2 /INPUT 4 "opcode";
    .port_info 3 /OUTPUT 8 "result";
    .port_info 4 /OUTPUT 1 "zero";
    .port_info 5 /OUTPUT 1 "negative";
v000002884de9b5f0_0 .net "A", 7 0, v000002884de9dd20_0;  alias, 1 drivers
v000002884de9bff0_0 .net "B", 7 0, v000002884de9df00_0;  alias, 1 drivers
v000002884de9b910_0 .var "negative", 0 0;
v000002884de9ba50_0 .net "opcode", 3 0, v000002884de9ddc0_0;  alias, 1 drivers
v000002884de9bb90_0 .var "result", 7 0;
v000002884de9b9b0_0 .var "zero", 0 0;
E_000002884de3f260 .event anyedge, v000002884de12d60_0, v000002884ddd3510_0, v000002884de12b80_0, v000002884de9bb90_0;
S_000002884ddd2d20 .scope module, "u_shift" "alu_shift" 4 52, 7 3 0, S_000002884de0f200;
 .timescale 0 0;
    .port_info 0 /INPUT 8 "A";
    .port_info 1 /INPUT 4 "opcode";
    .port_info 2 /OUTPUT 8 "result";
    .port_info 3 /OUTPUT 1 "zero";
    .port_info 4 /OUTPUT 1 "negative";
v000002884de9b690_0 .net "A", 7 0, v000002884de9dd20_0;  alias, 1 drivers
v000002884de9c090_0 .var "negative", 0 0;
v000002884de9baf0_0 .net "opcode", 3 0, v000002884de9ddc0_0;  alias, 1 drivers
v000002884de9b7d0_0 .var "result", 7 0;
v000002884de9bc30_0 .var "zero", 0 0;
E_000002884de3e4a0 .event anyedge, v000002884de12d60_0, v000002884ddd3510_0, v000002884de9b7d0_0;
    .scope S_000002884de129f0;
T_1 ;
    %wait E_000002884de3e560;
    %pushi/vec4 0, 0, 9;
    %store/vec4 v000002884de29020_0, 0, 9;
    %pushi/vec4 0, 0, 8;
    %store/vec4 v000002884de28f80_0, 0, 8;
    %pushi/vec4 0, 0, 1;
    %store/vec4 v000002884de12c20_0, 0, 1;
    %pushi/vec4 0, 0, 1;
    %store/vec4 v000002884de28ee0_0, 0, 1;
    %load/vec4 v000002884de12d60_0;
    %dup/vec4;
    %pushi/vec4 0, 0, 4;
    %cmp/u;
    %jmp/1 T_1.0, 6;
    %dup/vec4;
    %pushi/vec4 1, 0, 4;
    %cmp/u;
    %jmp/1 T_1.1, 6;
    %dup/vec4;
    %pushi/vec4 2, 0, 4;
    %cmp/u;
    %jmp/1 T_1.2, 6;
    %dup/vec4;
    %pushi/vec4 3, 0, 4;
    %cmp/u;
    %jmp/1 T_1.3, 6;
    %dup/vec4;
    %pushi/vec4 4, 0, 4;
    %cmp/u;
    %jmp/1 T_1.4, 6;
    %dup/vec4;
    %pushi/vec4 5, 0, 4;
    %cmp/u;
    %jmp/1 T_1.5, 6;
    %dup/vec4;
    %pushi/vec4 6, 0, 4;
    %cmp/u;
    %jmp/1 T_1.6, 6;
    %dup/vec4;
    %pushi/vec4 7, 0, 4;
    %cmp/u;
    %jmp/1 T_1.7, 6;
    %dup/vec4;
    %pushi/vec4 8, 0, 4;
    %cmp/u;
    %jmp/1 T_1.8, 6;
    %dup/vec4;
    %pushi/vec4 9, 0, 4;
    %cmp/u;
    %jmp/1 T_1.9, 6;
    %pushi/vec4 0, 0, 8;
    %store/vec4 v000002884de28f80_0, 0, 8;
    %jmp T_1.11;
T_1.0 ;
    %load/vec4 v000002884ddd3510_0;
    %pad/u 9;
    %load/vec4 v000002884de12b80_0;
    %pad/u 9;
    %add;
    %store/vec4 v000002884de29020_0, 0, 9;
    %load/vec4 v000002884de29020_0;
    %parti/s 8, 0, 2;
    %store/vec4 v000002884de28f80_0, 0, 8;
    %load/vec4 v000002884de29020_0;
    %parti/s 1, 8, 5;
    %store/vec4 v000002884de12c20_0, 0, 1;
    %load/vec4 v000002884ddd3510_0;
    %parti/s 1, 7, 4;
    %inv;
    %load/vec4 v000002884de12b80_0;
    %parti/s 1, 7, 4;
    %inv;
    %and;
    %load/vec4 v000002884de28f80_0;
    %parti/s 1, 7, 4;
    %and;
    %load/vec4 v000002884ddd3510_0;
    %parti/s 1, 7, 4;
    %load/vec4 v000002884de12b80_0;
    %parti/s 1, 7, 4;
    %and;
    %load/vec4 v000002884de28f80_0;
    %parti/s 1, 7, 4;
    %inv;
    %and;
    %or;
    %store/vec4 v000002884de28ee0_0, 0, 1;
    %jmp T_1.11;
T_1.1 ;
    %load/vec4 v000002884ddd3510_0;
    %pad/u 9;
    %load/vec4 v000002884de12b80_0;
    %pad/u 9;
    %sub;
    %store/vec4 v000002884de29020_0, 0, 9;
    %load/vec4 v000002884de29020_0;
    %parti/s 8, 0, 2;
    %store/vec4 v000002884de28f80_0, 0, 8;
    %load/vec4 v000002884de29020_0;
    %parti/s 1, 8, 5;
    %store/vec4 v000002884de12c20_0, 0, 1;
    %load/vec4 v000002884ddd3510_0;
    %parti/s 1, 7, 4;
    %inv;
    %load/vec4 v000002884de12b80_0;
    %parti/s 1, 7, 4;
    %and;
    %load/vec4 v000002884de28f80_0;
    %parti/s 1, 7, 4;
    %and;
    %load/vec4 v000002884ddd3510_0;
    %parti/s 1, 7, 4;
    %load/vec4 v000002884de12b80_0;
    %parti/s 1, 7, 4;
    %inv;
    %and;
    %load/vec4 v000002884de28f80_0;
    %parti/s 1, 7, 4;
    %inv;
    %and;
    %or;
    %store/vec4 v000002884de28ee0_0, 0, 1;
    %jmp T_1.11;
T_1.2 ;
    %load/vec4 v000002884ddd3510_0;
    %pad/u 9;
    %addi 1, 0, 9;
    %store/vec4 v000002884de29020_0, 0, 9;
    %load/vec4 v000002884de29020_0;
    %parti/s 8, 0, 2;
    %store/vec4 v000002884de28f80_0, 0, 8;
    %load/vec4 v000002884de29020_0;
    %parti/s 1, 8, 5;
    %store/vec4 v000002884de12c20_0, 0, 1;
    %jmp T_1.11;
T_1.3 ;
    %load/vec4 v000002884ddd3510_0;
    %pad/u 9;
    %subi 1, 0, 9;
    %store/vec4 v000002884de29020_0, 0, 9;
    %load/vec4 v000002884de29020_0;
    %parti/s 8, 0, 2;
    %store/vec4 v000002884de28f80_0, 0, 8;
    %load/vec4 v000002884de29020_0;
    %parti/s 1, 8, 5;
    %store/vec4 v000002884de12c20_0, 0, 1;
    %jmp T_1.11;
T_1.4 ;
    %load/vec4 v000002884ddd3510_0;
    %load/vec4 v000002884de12b80_0;
    %and;
    %store/vec4 v000002884de28f80_0, 0, 8;
    %jmp T_1.11;
T_1.5 ;
    %load/vec4 v000002884ddd3510_0;
    %load/vec4 v000002884de12b80_0;
    %or;
    %store/vec4 v000002884de28f80_0, 0, 8;
    %jmp T_1.11;
T_1.6 ;
    %load/vec4 v000002884ddd3510_0;
    %load/vec4 v000002884de12b80_0;
    %xor;
    %store/vec4 v000002884de28f80_0, 0, 8;
    %jmp T_1.11;
T_1.7 ;
    %load/vec4 v000002884ddd3510_0;
    %inv;
    %store/vec4 v000002884de28f80_0, 0, 8;
    %jmp T_1.11;
T_1.8 ;
    %load/vec4 v000002884ddd3510_0;
    %ix/load 4, 1, 0;
    %flag_set/imm 4, 0;
    %shiftl 4;
    %store/vec4 v000002884de28f80_0, 0, 8;
    %jmp T_1.11;
T_1.9 ;
    %load/vec4 v000002884ddd3510_0;
    %ix/load 4, 1, 0;
    %flag_set/imm 4, 0;
    %shiftr 4;
    %store/vec4 v000002884de28f80_0, 0, 8;
    %jmp T_1.11;
T_1.11 ;
    %pop/vec4 1;
    %load/vec4 v000002884de28f80_0;
    %pushi/vec4 0, 0, 8;
    %cmp/e;
    %flag_get/vec4 4;
    %store/vec4 v000002884de290c0_0, 0, 1;
    %load/vec4 v000002884de28f80_0;
    %parti/s 1, 7, 4;
    %store/vec4 v000002884de12cc0_0, 0, 1;
    %jmp T_1;
    .thread T_1, $push;
    .scope S_000002884de1dcc0;
T_2 ;
    %wait E_000002884de3f060;
    %pushi/vec4 0, 0, 9;
    %store/vec4 v000002884de9bcd0_0, 0, 9;
    %pushi/vec4 0, 0, 8;
    %store/vec4 v000002884de9b730_0, 0, 8;
    %pushi/vec4 0, 0, 1;
    %store/vec4 v000002884de9bd70_0, 0, 1;
    %pushi/vec4 0, 0, 1;
    %store/vec4 v000002884de9bf50_0, 0, 1;
    %load/vec4 v000002884de9b550_0;
    %dup/vec4;
    %pushi/vec4 0, 0, 4;
    %cmp/u;
    %jmp/1 T_2.0, 6;
    %dup/vec4;
    %pushi/vec4 1, 0, 4;
    %cmp/u;
    %jmp/1 T_2.1, 6;
    %dup/vec4;
    %pushi/vec4 2, 0, 4;
    %cmp/u;
    %jmp/1 T_2.2, 6;
    %dup/vec4;
    %pushi/vec4 3, 0, 4;
    %cmp/u;
    %jmp/1 T_2.3, 6;
    %pushi/vec4 0, 0, 8;
    %store/vec4 v000002884de9b730_0, 0, 8;
    %jmp T_2.5;
T_2.0 ;
    %load/vec4 v000002884de9be10_0;
    %pad/u 9;
    %load/vec4 v000002884de9c450_0;
    %pad/u 9;
    %add;
    %store/vec4 v000002884de9bcd0_0, 0, 9;
    %load/vec4 v000002884de9bcd0_0;
    %parti/s 8, 0, 2;
    %store/vec4 v000002884de9b730_0, 0, 8;
    %load/vec4 v000002884de9bcd0_0;
    %parti/s 1, 8, 5;
    %store/vec4 v000002884de9bd70_0, 0, 1;
    %load/vec4 v000002884de9be10_0;
    %parti/s 1, 7, 4;
    %inv;
    %load/vec4 v000002884de9c450_0;
    %parti/s 1, 7, 4;
    %inv;
    %and;
    %load/vec4 v000002884de9b730_0;
    %parti/s 1, 7, 4;
    %and;
    %load/vec4 v000002884de9be10_0;
    %parti/s 1, 7, 4;
    %load/vec4 v000002884de9c450_0;
    %parti/s 1, 7, 4;
    %and;
    %load/vec4 v000002884de9b730_0;
    %parti/s 1, 7, 4;
    %inv;
    %and;
    %or;
    %store/vec4 v000002884de9bf50_0, 0, 1;
    %jmp T_2.5;
T_2.1 ;
    %load/vec4 v000002884de9be10_0;
    %pad/u 9;
    %load/vec4 v000002884de9c450_0;
    %pad/u 9;
    %sub;
    %store/vec4 v000002884de9bcd0_0, 0, 9;
    %load/vec4 v000002884de9bcd0_0;
    %parti/s 8, 0, 2;
    %store/vec4 v000002884de9b730_0, 0, 8;
    %load/vec4 v000002884de9bcd0_0;
    %parti/s 1, 8, 5;
    %store/vec4 v000002884de9bd70_0, 0, 1;
    %load/vec4 v000002884de9be10_0;
    %parti/s 1, 7, 4;
    %inv;
    %load/vec4 v000002884de9c450_0;
    %parti/s 1, 7, 4;
    %and;
    %load/vec4 v000002884de9b730_0;
    %parti/s 1, 7, 4;
    %and;
    %load/vec4 v000002884de9be10_0;
    %parti/s 1, 7, 4;
    %load/vec4 v000002884de9c450_0;
    %parti/s 1, 7, 4;
    %inv;
    %and;
    %load/vec4 v000002884de9b730_0;
    %parti/s 1, 7, 4;
    %inv;
    %and;
    %or;
    %store/vec4 v000002884de9bf50_0, 0, 1;
    %jmp T_2.5;
T_2.2 ;
    %load/vec4 v000002884de9be10_0;
    %pad/u 9;
    %addi 1, 0, 9;
    %store/vec4 v000002884de9bcd0_0, 0, 9;
    %load/vec4 v000002884de9bcd0_0;
    %parti/s 8, 0, 2;
    %store/vec4 v000002884de9b730_0, 0, 8;
    %load/vec4 v000002884de9bcd0_0;
    %parti/s 1, 8, 5;
    %store/vec4 v000002884de9bd70_0, 0, 1;
    %jmp T_2.5;
T_2.3 ;
    %load/vec4 v000002884de9be10_0;
    %pad/u 9;
    %subi 1, 0, 9;
    %store/vec4 v000002884de9bcd0_0, 0, 9;
    %load/vec4 v000002884de9bcd0_0;
    %parti/s 8, 0, 2;
    %store/vec4 v000002884de9b730_0, 0, 8;
    %load/vec4 v000002884de9bcd0_0;
    %parti/s 1, 8, 5;
    %store/vec4 v000002884de9bd70_0, 0, 1;
    %jmp T_2.5;
T_2.5 ;
    %pop/vec4 1;
    %load/vec4 v000002884de9b730_0;
    %pushi/vec4 0, 0, 8;
    %cmp/e;
    %flag_get/vec4 4;
    %store/vec4 v000002884de9b870_0, 0, 1;
    %load/vec4 v000002884de9b730_0;
    %parti/s 1, 7, 4;
    %store/vec4 v000002884de9beb0_0, 0, 1;
    %jmp T_2;
    .thread T_2, $push;
    .scope S_000002884de1de50;
T_3 ;
    %wait E_000002884de3f260;
    %pushi/vec4 0, 0, 8;
    %store/vec4 v000002884de9bb90_0, 0, 8;
    %load/vec4 v000002884de9ba50_0;
    %dup/vec4;
    %pushi/vec4 4, 0, 4;
    %cmp/u;
    %jmp/1 T_3.0, 6;
    %dup/vec4;
    %pushi/vec4 5, 0, 4;
    %cmp/u;
    %jmp/1 T_3.1, 6;
    %dup/vec4;
    %pushi/vec4 6, 0, 4;
    %cmp/u;
    %jmp/1 T_3.2, 6;
    %dup/vec4;
    %pushi/vec4 7, 0, 4;
    %cmp/u;
    %jmp/1 T_3.3, 6;
    %pushi/vec4 0, 0, 8;
    %store/vec4 v000002884de9bb90_0, 0, 8;
    %jmp T_3.5;
T_3.0 ;
    %load/vec4 v000002884de9b5f0_0;
    %load/vec4 v000002884de9bff0_0;
    %and;
    %store/vec4 v000002884de9bb90_0, 0, 8;
    %jmp T_3.5;
T_3.1 ;
    %load/vec4 v000002884de9b5f0_0;
    %load/vec4 v000002884de9bff0_0;
    %or;
    %store/vec4 v000002884de9bb90_0, 0, 8;
    %jmp T_3.5;
T_3.2 ;
    %load/vec4 v000002884de9b5f0_0;
    %load/vec4 v000002884de9bff0_0;
    %xor;
    %store/vec4 v000002884de9bb90_0, 0, 8;
    %jmp T_3.5;
T_3.3 ;
    %load/vec4 v000002884de9b5f0_0;
    %inv;
    %store/vec4 v000002884de9bb90_0, 0, 8;
    %jmp T_3.5;
T_3.5 ;
    %pop/vec4 1;
    %load/vec4 v000002884de9bb90_0;
    %pushi/vec4 0, 0, 8;
    %cmp/e;
    %flag_get/vec4 4;
    %store/vec4 v000002884de9b9b0_0, 0, 1;
    %load/vec4 v000002884de9bb90_0;
    %parti/s 1, 7, 4;
    %store/vec4 v000002884de9b910_0, 0, 1;
    %jmp T_3;
    .thread T_3, $push;
    .scope S_000002884ddd2d20;
T_4 ;
    %wait E_000002884de3e4a0;
    %pushi/vec4 0, 0, 8;
    %store/vec4 v000002884de9b7d0_0, 0, 8;
    %load/vec4 v000002884de9baf0_0;
    %dup/vec4;
    %pushi/vec4 8, 0, 4;
    %cmp/u;
    %jmp/1 T_4.0, 6;
    %dup/vec4;
    %pushi/vec4 9, 0, 4;
    %cmp/u;
    %jmp/1 T_4.1, 6;
    %pushi/vec4 0, 0, 8;
    %store/vec4 v000002884de9b7d0_0, 0, 8;
    %jmp T_4.3;
T_4.0 ;
    %load/vec4 v000002884de9b690_0;
    %ix/load 4, 1, 0;
    %flag_set/imm 4, 0;
    %shiftl 4;
    %store/vec4 v000002884de9b7d0_0, 0, 8;
    %jmp T_4.3;
T_4.1 ;
    %load/vec4 v000002884de9b690_0;
    %ix/load 4, 1, 0;
    %flag_set/imm 4, 0;
    %shiftr 4;
    %store/vec4 v000002884de9b7d0_0, 0, 8;
    %jmp T_4.3;
T_4.3 ;
    %pop/vec4 1;
    %load/vec4 v000002884de9b7d0_0;
    %pushi/vec4 0, 0, 8;
    %cmp/e;
    %flag_get/vec4 4;
    %store/vec4 v000002884de9bc30_0, 0, 1;
    %load/vec4 v000002884de9b7d0_0;
    %parti/s 1, 7, 4;
    %store/vec4 v000002884de9c090_0, 0, 1;
    %jmp T_4;
    .thread T_4, $push;
    .scope S_000002884de0f200;
T_5 ;
    %wait E_000002884de3f3a0;
    %pushi/vec4 0, 0, 8;
    %store/vec4 v000002884de9d460_0, 0, 8;
    %pushi/vec4 0, 0, 1;
    %store/vec4 v000002884de9da00_0, 0, 1;
    %pushi/vec4 0, 0, 1;
    %store/vec4 v000002884de9c6a0_0, 0, 1;
    %pushi/vec4 0, 0, 1;
    %store/vec4 v000002884de9db40_0, 0, 1;
    %pushi/vec4 0, 0, 1;
    %store/vec4 v000002884de9d140_0, 0, 1;
    %load/vec4 v000002884de9d1e0_0;
    %dup/vec4;
    %pushi/vec4 0, 0, 4;
    %cmp/u;
    %jmp/1 T_5.0, 6;
    %dup/vec4;
    %pushi/vec4 1, 0, 4;
    %cmp/u;
    %jmp/1 T_5.1, 6;
    %dup/vec4;
    %pushi/vec4 2, 0, 4;
    %cmp/u;
    %jmp/1 T_5.2, 6;
    %dup/vec4;
    %pushi/vec4 3, 0, 4;
    %cmp/u;
    %jmp/1 T_5.3, 6;
    %dup/vec4;
    %pushi/vec4 4, 0, 4;
    %cmp/u;
    %jmp/1 T_5.4, 6;
    %dup/vec4;
    %pushi/vec4 5, 0, 4;
    %cmp/u;
    %jmp/1 T_5.5, 6;
    %dup/vec4;
    %pushi/vec4 6, 0, 4;
    %cmp/u;
    %jmp/1 T_5.6, 6;
    %dup/vec4;
    %pushi/vec4 7, 0, 4;
    %cmp/u;
    %jmp/1 T_5.7, 6;
    %dup/vec4;
    %pushi/vec4 8, 0, 4;
    %cmp/u;
    %jmp/1 T_5.8, 6;
    %dup/vec4;
    %pushi/vec4 9, 0, 4;
    %cmp/u;
    %jmp/1 T_5.9, 6;
    %pushi/vec4 0, 0, 8;
    %store/vec4 v000002884de9d460_0, 0, 8;
    %jmp T_5.11;
T_5.0 ;
    %load/vec4 v000002884de9c600_0;
    %store/vec4 v000002884de9d460_0, 0, 8;
    %load/vec4 v000002884de9c1d0_0;
    %store/vec4 v000002884de9da00_0, 0, 1;
    %load/vec4 v000002884de9c310_0;
    %store/vec4 v000002884de9c6a0_0, 0, 1;
    %load/vec4 v000002884de9d960_0;
    %store/vec4 v000002884de9db40_0, 0, 1;
    %load/vec4 v000002884de9c270_0;
    %store/vec4 v000002884de9d140_0, 0, 1;
    %jmp T_5.11;
T_5.1 ;
    %load/vec4 v000002884de9c600_0;
    %store/vec4 v000002884de9d460_0, 0, 8;
    %load/vec4 v000002884de9c1d0_0;
    %store/vec4 v000002884de9da00_0, 0, 1;
    %load/vec4 v000002884de9c310_0;
    %store/vec4 v000002884de9c6a0_0, 0, 1;
    %load/vec4 v000002884de9d960_0;
    %store/vec4 v000002884de9db40_0, 0, 1;
    %load/vec4 v000002884de9c270_0;
    %store/vec4 v000002884de9d140_0, 0, 1;
    %jmp T_5.11;
T_5.2 ;
    %load/vec4 v000002884de9c600_0;
    %store/vec4 v000002884de9d460_0, 0, 8;
    %load/vec4 v000002884de9c1d0_0;
    %store/vec4 v000002884de9da00_0, 0, 1;
    %load/vec4 v000002884de9c310_0;
    %store/vec4 v000002884de9c6a0_0, 0, 1;
    %load/vec4 v000002884de9d960_0;
    %store/vec4 v000002884de9db40_0, 0, 1;
    %load/vec4 v000002884de9c270_0;
    %store/vec4 v000002884de9d140_0, 0, 1;
    %jmp T_5.11;
T_5.3 ;
    %load/vec4 v000002884de9c600_0;
    %store/vec4 v000002884de9d460_0, 0, 8;
    %load/vec4 v000002884de9c1d0_0;
    %store/vec4 v000002884de9da00_0, 0, 1;
    %load/vec4 v000002884de9c310_0;
    %store/vec4 v000002884de9c6a0_0, 0, 1;
    %load/vec4 v000002884de9d960_0;
    %store/vec4 v000002884de9db40_0, 0, 1;
    %load/vec4 v000002884de9c270_0;
    %store/vec4 v000002884de9d140_0, 0, 1;
    %jmp T_5.11;
T_5.4 ;
    %load/vec4 v000002884de9d820_0;
    %store/vec4 v000002884de9d460_0, 0, 8;
    %load/vec4 v000002884de9cc40_0;
    %store/vec4 v000002884de9db40_0, 0, 1;
    %load/vec4 v000002884de9c7e0_0;
    %store/vec4 v000002884de9d140_0, 0, 1;
    %jmp T_5.11;
T_5.5 ;
    %load/vec4 v000002884de9d820_0;
    %store/vec4 v000002884de9d460_0, 0, 8;
    %load/vec4 v000002884de9cc40_0;
    %store/vec4 v000002884de9db40_0, 0, 1;
    %load/vec4 v000002884de9c7e0_0;
    %store/vec4 v000002884de9d140_0, 0, 1;
    %jmp T_5.11;
T_5.6 ;
    %load/vec4 v000002884de9d820_0;
    %store/vec4 v000002884de9d460_0, 0, 8;
    %load/vec4 v000002884de9cc40_0;
    %store/vec4 v000002884de9db40_0, 0, 1;
    %load/vec4 v000002884de9c7e0_0;
    %store/vec4 v000002884de9d140_0, 0, 1;
    %jmp T_5.11;
T_5.7 ;
    %load/vec4 v000002884de9d820_0;
    %store/vec4 v000002884de9d460_0, 0, 8;
    %load/vec4 v000002884de9cc40_0;
    %store/vec4 v000002884de9db40_0, 0, 1;
    %load/vec4 v000002884de9c7e0_0;
    %store/vec4 v000002884de9d140_0, 0, 1;
    %jmp T_5.11;
T_5.8 ;
    %load/vec4 v000002884de9d000_0;
    %store/vec4 v000002884de9d460_0, 0, 8;
    %load/vec4 v000002884de9d500_0;
    %store/vec4 v000002884de9db40_0, 0, 1;
    %load/vec4 v000002884de9cd80_0;
    %store/vec4 v000002884de9d140_0, 0, 1;
    %jmp T_5.11;
T_5.9 ;
    %load/vec4 v000002884de9d000_0;
    %store/vec4 v000002884de9d460_0, 0, 8;
    %load/vec4 v000002884de9d500_0;
    %store/vec4 v000002884de9db40_0, 0, 1;
    %load/vec4 v000002884de9cd80_0;
    %store/vec4 v000002884de9d140_0, 0, 1;
    %jmp T_5.11;
T_5.11 ;
    %pop/vec4 1;
    %jmp T_5;
    .thread T_5, $push;
    .scope S_000002884de04e60;
T_6 ;
    %vpi_call 2 37 "$dumpfile", "dump.vcd" {0 0 0};
    %vpi_call 2 38 "$dumpvars", 32'sb00000000000000000000000000000000, S_000002884de04e60 {0 0 0};
    %end;
    .thread T_6;
    .scope S_000002884de04e60;
T_7 ;
    %pushi/vec4 10, 0, 8;
    %store/vec4 v000002884de0f020_0, 0, 8;
    %pushi/vec4 5, 0, 8;
    %store/vec4 v000002884de0f0c0_0, 0, 8;
    %pushi/vec4 0, 0, 4;
    %store/vec4 v000002884de0f160_0, 0, 4;
    %fork TD_alu_tb.test, S_000002884de29160;
    %join;
    %pushi/vec4 10, 0, 8;
    %store/vec4 v000002884de0f020_0, 0, 8;
    %pushi/vec4 5, 0, 8;
    %store/vec4 v000002884de0f0c0_0, 0, 8;
    %pushi/vec4 1, 0, 4;
    %store/vec4 v000002884de0f160_0, 0, 4;
    %fork TD_alu_tb.test, S_000002884de29160;
    %join;
    %pushi/vec4 255, 0, 8;
    %store/vec4 v000002884de0f020_0, 0, 8;
    %pushi/vec4 1, 0, 8;
    %store/vec4 v000002884de0f0c0_0, 0, 8;
    %pushi/vec4 0, 0, 4;
    %store/vec4 v000002884de0f160_0, 0, 4;
    %fork TD_alu_tb.test, S_000002884de29160;
    %join;
    %pushi/vec4 0, 0, 8;
    %store/vec4 v000002884de0f020_0, 0, 8;
    %pushi/vec4 1, 0, 8;
    %store/vec4 v000002884de0f0c0_0, 0, 8;
    %pushi/vec4 1, 0, 4;
    %store/vec4 v000002884de0f160_0, 0, 4;
    %fork TD_alu_tb.test, S_000002884de29160;
    %join;
    %pushi/vec4 127, 0, 8;
    %store/vec4 v000002884de0f020_0, 0, 8;
    %pushi/vec4 1, 0, 8;
    %store/vec4 v000002884de0f0c0_0, 0, 8;
    %pushi/vec4 0, 0, 4;
    %store/vec4 v000002884de0f160_0, 0, 4;
    %fork TD_alu_tb.test, S_000002884de29160;
    %join;
    %pushi/vec4 128, 0, 8;
    %store/vec4 v000002884de0f020_0, 0, 8;
    %pushi/vec4 1, 0, 8;
    %store/vec4 v000002884de0f0c0_0, 0, 8;
    %pushi/vec4 1, 0, 4;
    %store/vec4 v000002884de0f160_0, 0, 4;
    %fork TD_alu_tb.test, S_000002884de29160;
    %join;
    %pushi/vec4 170, 0, 8;
    %store/vec4 v000002884de0f020_0, 0, 8;
    %pushi/vec4 204, 0, 8;
    %store/vec4 v000002884de0f0c0_0, 0, 8;
    %pushi/vec4 4, 0, 4;
    %store/vec4 v000002884de0f160_0, 0, 4;
    %fork TD_alu_tb.test, S_000002884de29160;
    %join;
    %pushi/vec4 170, 0, 8;
    %store/vec4 v000002884de0f020_0, 0, 8;
    %pushi/vec4 204, 0, 8;
    %store/vec4 v000002884de0f0c0_0, 0, 8;
    %pushi/vec4 5, 0, 4;
    %store/vec4 v000002884de0f160_0, 0, 4;
    %fork TD_alu_tb.test, S_000002884de29160;
    %join;
    %pushi/vec4 170, 0, 8;
    %store/vec4 v000002884de0f020_0, 0, 8;
    %pushi/vec4 204, 0, 8;
    %store/vec4 v000002884de0f0c0_0, 0, 8;
    %pushi/vec4 6, 0, 4;
    %store/vec4 v000002884de0f160_0, 0, 4;
    %fork TD_alu_tb.test, S_000002884de29160;
    %join;
    %pushi/vec4 170, 0, 8;
    %store/vec4 v000002884de0f020_0, 0, 8;
    %pushi/vec4 0, 0, 8;
    %store/vec4 v000002884de0f0c0_0, 0, 8;
    %pushi/vec4 7, 0, 4;
    %store/vec4 v000002884de0f160_0, 0, 4;
    %fork TD_alu_tb.test, S_000002884de29160;
    %join;
    %pushi/vec4 15, 0, 8;
    %store/vec4 v000002884de0f020_0, 0, 8;
    %pushi/vec4 0, 0, 8;
    %store/vec4 v000002884de0f0c0_0, 0, 8;
    %pushi/vec4 8, 0, 4;
    %store/vec4 v000002884de0f160_0, 0, 4;
    %fork TD_alu_tb.test, S_000002884de29160;
    %join;
    %pushi/vec4 15, 0, 8;
    %store/vec4 v000002884de0f020_0, 0, 8;
    %pushi/vec4 0, 0, 8;
    %store/vec4 v000002884de0f0c0_0, 0, 8;
    %pushi/vec4 9, 0, 4;
    %store/vec4 v000002884de0f160_0, 0, 4;
    %fork TD_alu_tb.test, S_000002884de29160;
    %join;
    %pushi/vec4 10, 0, 8;
    %store/vec4 v000002884de0f020_0, 0, 8;
    %pushi/vec4 0, 0, 8;
    %store/vec4 v000002884de0f0c0_0, 0, 8;
    %pushi/vec4 2, 0, 4;
    %store/vec4 v000002884de0f160_0, 0, 4;
    %fork TD_alu_tb.test, S_000002884de29160;
    %join;
    %pushi/vec4 10, 0, 8;
    %store/vec4 v000002884de0f020_0, 0, 8;
    %pushi/vec4 0, 0, 8;
    %store/vec4 v000002884de0f0c0_0, 0, 8;
    %pushi/vec4 3, 0, 4;
    %store/vec4 v000002884de0f160_0, 0, 4;
    %fork TD_alu_tb.test, S_000002884de29160;
    %join;
    %pushi/vec4 50, 0, 32;
T_7.0 %dup/vec4;
    %pushi/vec4 0, 0, 32;
    %cmp/s;
    %jmp/1xz T_7.1, 5;
    %jmp/1 T_7.1, 4;
    %pushi/vec4 1, 0, 32;
    %sub;
    %vpi_func 2 96 "$random" 32 {0 0 0};
    %pad/s 8;
    %store/vec4 v000002884de0f020_0, 0, 8;
    %vpi_func 2 96 "$random" 32 {0 0 0};
    %pad/s 8;
    %store/vec4 v000002884de0f0c0_0, 0, 8;
    %vpi_func 2 96 "$random" 32 {0 0 0};
    %pushi/vec4 10, 0, 32;
    %mod/s;
    %addi 10, 0, 32;
    %pushi/vec4 10, 0, 32;
    %mod/s;
    %pad/s 4;
    %store/vec4 v000002884de0f160_0, 0, 4;
    %fork TD_alu_tb.test, S_000002884de29160;
    %join;
    %jmp T_7.0;
T_7.1 ;
    %pop/vec4 1;
    %delay 20, 0;
    %vpi_call 2 99 "$finish" {0 0 0};
    %end;
    .thread T_7;
# The file index is used to find the file name in the following table.
:file_names 8;
    "N/A";
    "<interactive>";
    "tb/alu_tb.v";
    "tb/alu_ref_model.v";
    "rtl/alu_top.v";
    "rtl/alu_arith.v";
    "rtl/alu_logic.v";
    "rtl/alu_shift.v";
